<?xml version="1.0" encoding="UTF-8"?>
<!-- Generated by org.testng.reporters.JUnitReportReporter -->
<testsuite hostname="KuhiMsi" name="skripta.GlavnaSkripta" tests="1" failures="0" timestamp="13 Jul 2015 11:52:22 GMT" time="12.487" errors="0">
  <testcase name="Test" time="12.487" classname="skripta.GlavnaSkripta"/>
</testsuite> <!-- skripta.GlavnaSkripta -->
