<?xml version="1.0" encoding="UTF-8"?>
<!-- Generated by org.testng.reporters.JUnitReportReporter -->
<testsuite hostname="KuhiMsi" name="parametri.Test1" tests="1" failures="0" timestamp="15 Jul 2015 10:54:59 GMT" time="121.912" errors="0">
  <testcase name="test" time="121.912" classname="parametri.Test1"/>
</testsuite> <!-- parametri.Test1 -->
